# JRE version: OpenJDK Runtime Environment (17.0.7) (build 17.0.7+0-b2043.56-10550314)
# Java VM: OpenJDK 64-Bit Server VM (17.0.7+0-b2043.56-10550314, mixed mode, tiered, compressed oops, compressed class ptrs, g1 gc, windows-amd64)
GC Precious Log:
 CPUs: 4 total, 4 available
 Memory: 12224M
 Large Page Support: Disabled
 NUMA Support: Disabled
 Compressed Oops: Enabled (32-bit)
 Heap Region Size: 1M
 Heap Min Capacity: 8M
 Heap Initial Capacity: 192M
 Heap Max Capacity: 2G
 Pre-touch: Disabled
 Parallel Workers: 4
 Concurrent Workers: 1
 Concurrent Refinement Workers: 4
 Periodic GC: Disabled
Heap:
 garbage-first heap   total 196608K, used 96635K [0x0000000080000000, 0x0000000100000000)
  region size 1024K, 3 young (3072K), 3 survivors (3072K)
 Metaspace       used 80568K, committed 81216K, reserved 1179648K
  class space    used 10801K, committed 11072K, reserved 1048576K
GC Heap History (20 events):
Event: 14.365 GC heap after
{Heap after GC invocations=30 (full 0):
 garbage-first heap   total 137216K, used 79862K [0x0000000080000000, 0x0000000100000000)
  region size 1024K, 4 young (4096K), 4 survivors (4096K)
 Metaspace       used 57793K, committed 58432K, reserved 1114112K
  class space    used 7834K, committed 8128K, reserved 1048576K
}
Event: 14.581 GC heap before
{Heap before GC invocations=31 (full 0):
 garbage-first heap   total 148480K, used 90102K [0x0000000080000000, 0x0000000100000000)
  region size 1024K, 15 young (15360K), 4 survivors (4096K)
 Metaspace       used 58401K, committed 59008K, reserved 1114112K
  class space    used 7893K, committed 8192K, reserved 1048576K
}
Event: 14.585 GC heap after
{Heap after GC invocations=32 (full 0):
 garbage-first heap   total 148480K, used 82030K [0x0000000080000000, 0x0000000100000000)
  region size 1024K, 2 young (2048K), 2 survivors (2048K)
 Metaspace       used 58401K, committed 59008K, reserved 1114112K
  class space    used 7893K, committed 8192K, reserved 1048576K
}
Event: 15.132 GC heap before
{Heap before GC invocations=33 (full 0):
 garbage-first heap   total 150528K, used 106606K [0x0000000080000000, 0x0000000100000000)
  region size 1024K, 26 young (26624K), 2 survivors (2048K)
 Metaspace       used 60520K, committed 61184K, reserved 1114112K
  class space    used 8211K, committed 8512K, reserved 1048576K
}
Event: 15.136 GC heap after
{Heap after GC invocations=34 (full 0):
 garbage-first heap   total 150528K, used 83960K [0x0000000080000000, 0x0000000100000000)
  region size 1024K, 3 young (3072K), 3 survivors (3072K)
 Metaspace       used 60520K, committed 61184K, reserved 1114112K
  class space    used 8211K, committed 8512K, reserved 1048576K
}
Event: 15.227 GC heap before
{Heap before GC invocations=34 (full 0):
 garbage-first heap   total 150528K, used 87032K [0x0000000080000000, 0x0000000100000000)
  region size 1024K, 7 young (7168K), 3 survivors (3072K)
 Metaspace       used 61002K, committed 61696K, reserved 1114112K
  class space    used 8277K, committed 8576K, reserved 1048576K
}
Event: 15.231 GC heap after
{Heap after GC invocations=35 (full 0):
 garbage-first heap   total 150528K, used 83899K [0x0000000080000000, 0x0000000100000000)
  region size 1024K, 1 young (1024K), 1 survivors (1024K)
 Metaspace       used 61002K, committed 61696K, reserved 1114112K
  class space    used 8277K, committed 8576K, reserved 1048576K
}
Event: 15.712 GC heap before
{Heap before GC invocations=35 (full 0):
 garbage-first heap   total 150528K, used 110523K [0x0000000080000000, 0x0000000100000000)
  region size 1024K, 28 young (28672K), 1 survivors (1024K)
 Metaspace       used 64141K, committed 64768K, reserved 1114112K
  class space    used 8585K, committed 8896K, reserved 1048576K
}
Event: 15.717 GC heap after
{Heap after GC invocations=36 (full 0):
 garbage-first heap   total 181248K, used 84486K [0x0000000080000000, 0x0000000100000000)
  region size 1024K, 1 young (1024K), 1 survivors (1024K)
 Metaspace       used 64141K, committed 64768K, reserved 1114112K
  class space    used 8585K, committed 8896K, reserved 1048576K
}
Event: 16.946 GC heap before
{Heap before GC invocations=37 (full 0):
 garbage-first heap   total 181248K, used 135686K [0x0000000080000000, 0x0000000100000000)
  region size 1024K, 45 young (46080K), 1 survivors (1024K)
 Metaspace       used 69130K, committed 69824K, reserved 1114112K
  class space    used 9262K, committed 9536K, reserved 1048576K
}
Event: 16.962 GC heap after
{Heap after GC invocations=38 (full 0):
 garbage-first heap   total 181248K, used 95042K [0x0000000080000000, 0x0000000100000000)
  region size 1024K, 6 young (6144K), 6 survivors (6144K)
 Metaspace       used 69130K, committed 69824K, reserved 1114112K
  class space    used 9262K, committed 9536K, reserved 1048576K
}
Event: 17.003 GC heap before
{Heap before GC invocations=38 (full 0):
 garbage-first heap   total 181248K, used 97090K [0x0000000080000000, 0x0000000100000000)
  region size 1024K, 8 young (8192K), 6 survivors (6144K)
 Metaspace       used 69225K, committed 69952K, reserved 1114112K
  class space    used 9283K, committed 9600K, reserved 1048576K
}
Event: 17.014 GC heap after
{Heap after GC invocations=39 (full 0):
 garbage-first heap   total 181248K, used 92084K [0x0000000080000000, 0x0000000100000000)
  region size 1024K, 1 young (1024K), 1 survivors (1024K)
 Metaspace       used 69225K, committed 69952K, reserved 1114112K
  class space    used 9283K, committed 9600K, reserved 1048576K
}
Event: 17.909 GC heap before
{Heap before GC invocations=39 (full 0):
 garbage-first heap   total 181248K, used 133044K [0x0000000080000000, 0x0000000100000000)
  region size 1024K, 42 young (43008K), 1 survivors (1024K)
 Metaspace       used 72437K, committed 73152K, reserved 1114112K
  class space    used 9718K, committed 9984K, reserved 1048576K
}
Event: 17.916 GC heap after
{Heap after GC invocations=40 (full 0):
 garbage-first heap   total 181248K, used 93644K [0x0000000080000000, 0x0000000100000000)
  region size 1024K, 3 young (3072K), 3 survivors (3072K)
 Metaspace       used 72437K, committed 73152K, reserved 1114112K
  class space    used 9718K, committed 9984K, reserved 1048576K
}
Event: 19.003 GC heap before
{Heap before GC invocations=41 (full 0):
 garbage-first heap   total 181248K, used 136652K [0x0000000080000000, 0x0000000100000000)
  region size 1024K, 46 young (47104K), 3 survivors (3072K)
 Metaspace       used 77322K, committed 78080K, reserved 1179648K
  class space    used 10378K, committed 10688K, reserved 1048576K
}
Event: 19.015 GC heap after
{Heap after GC invocations=42 (full 0):
 garbage-first heap   total 181248K, used 94595K [0x0000000080000000, 0x0000000100000000)
  region size 1024K, 5 young (5120K), 5 survivors (5120K)
 Metaspace       used 77322K, committed 78080K, reserved 1179648K
  class space    used 10378K, committed 10688K, reserved 1048576K
}
Event: 19.114 GC heap before
{Heap before GC invocations=42 (full 0):
 garbage-first heap   total 181248K, used 97667K [0x0000000080000000, 0x0000000100000000)
  region size 1024K, 8 young (8192K), 5 survivors (5120K)
 Metaspace       used 77581K, committed 78272K, reserved 1179648K
  class space    used 10415K, committed 10688K, reserved 1048576K
}
Event: 19.124 GC heap after
{Heap after GC invocations=43 (full 0):
 garbage-first heap   total 181248K, used 94581K [0x0000000080000000, 0x0000000100000000)
  region size 1024K, 1 young (1024K), 1 survivors (1024K)
 Metaspace       used 77581K, committed 78272K, reserved 1179648K
  class space    used 10415K, committed 10688K, reserved 1048576K
}
Event: 19.952 GC heap before
{Heap before GC invocations=43 (full 0):
 garbage-first heap   total 181248K, used 141685K [0x0000000080000000, 0x0000000100000000)
  region size 1024K, 46 young (47104K), 1 survivors (1024K)
 Metaspace       used 80568K, committed 81216K, reserved 1179648K
  class space    used 10801K, committed 11072K, reserved 1048576K
}

