# JRE version: OpenJDK Runtime Environment (17.0.7) (build 17.0.7+0-b2043.56-10550314)
# Java VM: OpenJDK 64-Bit Server VM (17.0.7+0-b2043.56-10550314, mixed mode, tiered, compressed oops, compressed class ptrs, g1 gc, windows-amd64)
GC Precious Log:
 CPUs: 4 total, 4 available
 Memory: 12224M
 Large Page Support: Disabled
 NUMA Support: Disabled
 Compressed Oops: Enabled (32-bit)
 Heap Region Size: 1M
 Heap Min Capacity: 8M
 Heap Initial Capacity: 192M
 Heap Max Capacity: 2G
 Pre-touch: Disabled
 Parallel Workers: 4
 Concurrent Workers: 1
 Concurrent Refinement Workers: 4
 Periodic GC: Disabled
Heap:
 garbage-first heap   total 268288K, used 198775K [0x0000000080000000, 0x0000000100000000)
  region size 1024K, 2 young (2048K), 2 survivors (2048K)
 Metaspace       used 141505K, committed 142464K, reserved 1179648K
  class space    used 19324K, committed 19776K, reserved 1048576K
GC Heap History (20 events):
Event: 293.288 GC heap after
{Heap after GC invocations=61 (full 0):
 garbage-first heap   total 188416K, used 110830K [0x0000000080000000, 0x0000000100000000)
  region size 1024K, 5 young (5120K), 5 survivors (5120K)
 Metaspace       used 134400K, committed 135232K, reserved 1179648K
  class space    used 18348K, committed 18752K, reserved 1048576K
}
Event: 294.356 GC heap before
{Heap before GC invocations=61 (full 0):
 garbage-first heap   total 188416K, used 131310K [0x0000000080000000, 0x0000000100000000)
  region size 1024K, 27 young (27648K), 5 survivors (5120K)
 Metaspace       used 134558K, committed 135424K, reserved 1179648K
  class space    used 18351K, committed 18752K, reserved 1048576K
}
Event: 294.379 GC heap after
{Heap after GC invocations=62 (full 0):
 garbage-first heap   total 188416K, used 114838K [0x0000000080000000, 0x0000000100000000)
  region size 1024K, 4 young (4096K), 4 survivors (4096K)
 Metaspace       used 134558K, committed 135424K, reserved 1179648K
  class space    used 18351K, committed 18752K, reserved 1048576K
}
Event: 295.694 GC heap before
{Heap before GC invocations=63 (full 0):
 garbage-first heap   total 214016K, used 154774K [0x0000000080000000, 0x0000000100000000)
  region size 1024K, 44 young (45056K), 4 survivors (4096K)
 Metaspace       used 134887K, committed 135680K, reserved 1179648K
  class space    used 18379K, committed 18752K, reserved 1048576K
}
Event: 295.714 GC heap after
{Heap after GC invocations=64 (full 0):
 garbage-first heap   total 214016K, used 114488K [0x0000000080000000, 0x0000000100000000)
  region size 1024K, 2 young (2048K), 2 survivors (2048K)
 Metaspace       used 134887K, committed 135680K, reserved 1179648K
  class space    used 18379K, committed 18752K, reserved 1048576K
}
Event: 323.383 GC heap before
{Heap before GC invocations=64 (full 0):
 garbage-first heap   total 214016K, used 122680K [0x0000000080000000, 0x0000000100000000)
  region size 1024K, 10 young (10240K), 2 survivors (2048K)
 Metaspace       used 135198K, committed 136064K, reserved 1179648K
  class space    used 18424K, committed 18816K, reserved 1048576K
}
Event: 323.396 GC heap after
{Heap after GC invocations=65 (full 0):
 garbage-first heap   total 214016K, used 111738K [0x0000000080000000, 0x0000000100000000)
  region size 1024K, 1 young (1024K), 1 survivors (1024K)
 Metaspace       used 135198K, committed 136064K, reserved 1179648K
  class space    used 18424K, committed 18816K, reserved 1048576K
}
Event: 649.894 GC heap before
{Heap before GC invocations=65 (full 0):
 garbage-first heap   total 214016K, used 199802K [0x0000000080000000, 0x0000000100000000)
  region size 1024K, 64 young (65536K), 1 survivors (1024K)
 Metaspace       used 137747K, committed 138688K, reserved 1179648K
  class space    used 18824K, committed 19264K, reserved 1048576K
}
Event: 649.911 GC heap after
{Heap after GC invocations=66 (full 0):
 garbage-first heap   total 214016K, used 146154K [0x0000000080000000, 0x0000000100000000)
  region size 1024K, 8 young (8192K), 8 survivors (8192K)
 Metaspace       used 137747K, committed 138688K, reserved 1179648K
  class space    used 18824K, committed 19264K, reserved 1048576K
}
Event: 651.008 GC heap before
{Heap before GC invocations=66 (full 0):
 garbage-first heap   total 214016K, used 170730K [0x0000000080000000, 0x0000000100000000)
  region size 1024K, 34 young (34816K), 8 survivors (8192K)
 Metaspace       used 138719K, committed 139712K, reserved 1179648K
  class space    used 18940K, committed 19392K, reserved 1048576K
}
Event: 651.024 GC heap after
{Heap after GC invocations=67 (full 0):
 garbage-first heap   total 214016K, used 149862K [0x0000000080000000, 0x0000000100000000)
  region size 1024K, 4 young (4096K), 4 survivors (4096K)
 Metaspace       used 138719K, committed 139712K, reserved 1179648K
  class space    used 18940K, committed 19392K, reserved 1048576K
}
Event: 652.808 GC heap before
{Heap before GC invocations=68 (full 0):
 garbage-first heap   total 268288K, used 195942K [0x0000000080000000, 0x0000000100000000)
  region size 1024K, 29 young (29696K), 4 survivors (4096K)
 Metaspace       used 140469K, committed 141440K, reserved 1179648K
  class space    used 19178K, committed 19648K, reserved 1048576K
}
Event: 652.822 GC heap after
{Heap after GC invocations=69 (full 0):
 garbage-first heap   total 268288K, used 176898K [0x0000000080000000, 0x0000000100000000)
  region size 1024K, 4 young (4096K), 4 survivors (4096K)
 Metaspace       used 140469K, committed 141440K, reserved 1179648K
  class space    used 19178K, committed 19648K, reserved 1048576K
}
Event: 653.161 GC heap before
{Heap before GC invocations=69 (full 0):
 garbage-first heap   total 268288K, used 185090K [0x0000000080000000, 0x0000000100000000)
  region size 1024K, 13 young (13312K), 4 survivors (4096K)
 Metaspace       used 140573K, committed 141504K, reserved 1179648K
  class space    used 19193K, committed 19648K, reserved 1048576K
}
Event: 653.173 GC heap after
{Heap after GC invocations=70 (full 0):
 garbage-first heap   total 268288K, used 176544K [0x0000000080000000, 0x0000000100000000)
  region size 1024K, 2 young (2048K), 2 survivors (2048K)
 Metaspace       used 140573K, committed 141504K, reserved 1179648K
  class space    used 19193K, committed 19648K, reserved 1048576K
}
Event: 654.075 GC heap before
{Heap before GC invocations=70 (full 0):
 garbage-first heap   total 268288K, used 216480K [0x0000000080000000, 0x0000000100000000)
  region size 1024K, 38 young (38912K), 2 survivors (2048K)
 Metaspace       used 141498K, committed 142464K, reserved 1179648K
  class space    used 19324K, committed 19776K, reserved 1048576K
}
Event: 654.094 GC heap after
{Heap after GC invocations=71 (full 0):
 garbage-first heap   total 268288K, used 189440K [0x0000000080000000, 0x0000000100000000)
  region size 1024K, 5 young (5120K), 5 survivors (5120K)
 Metaspace       used 141498K, committed 142464K, reserved 1179648K
  class space    used 19324K, committed 19776K, reserved 1048576K
}
Event: 654.602 GC heap before
{Heap before GC invocations=71 (full 0):
 garbage-first heap   total 268288K, used 219136K [0x0000000080000000, 0x0000000100000000)
  region size 1024K, 34 young (34816K), 5 survivors (5120K)
 Metaspace       used 141501K, committed 142464K, reserved 1179648K
  class space    used 19324K, committed 19776K, reserved 1048576K
}
Event: 654.629 GC heap after
{Heap after GC invocations=72 (full 0):
 garbage-first heap   total 268288K, used 196189K [0x0000000080000000, 0x0000000100000000)
  region size 1024K, 5 young (5120K), 5 survivors (5120K)
 Metaspace       used 141501K, committed 142464K, reserved 1179648K
  class space    used 19324K, committed 19776K, reserved 1048576K
}
Event: 656.064 GC heap before
{Heap before GC invocations=72 (full 0):
 garbage-first heap   total 268288K, used 219741K [0x0000000080000000, 0x0000000100000000)
  region size 1024K, 29 young (29696K), 5 survivors (5120K)
 Metaspace       used 141505K, committed 142464K, reserved 1179648K
  class space    used 19324K, committed 19776K, reserved 1048576K
}

