# JRE version: OpenJDK Runtime Environment (17.0.7) (build 17.0.7+0-b2043.56-10550314)
# Java VM: OpenJDK 64-Bit Server VM (17.0.7+0-b2043.56-10550314, mixed mode, tiered, compressed oops, compressed class ptrs, g1 gc, windows-amd64)
GC Precious Log:
 CPUs: 4 total, 4 available
 Memory: 12224M
 Large Page Support: Disabled
 NUMA Support: Disabled
 Compressed Oops: Enabled (32-bit)
 Heap Region Size: 1M
 Heap Min Capacity: 8M
 Heap Initial Capacity: 192M
 Heap Max Capacity: 2G
 Pre-touch: Disabled
 Parallel Workers: 4
 Concurrent Workers: 1
 Concurrent Refinement Workers: 4
 Periodic GC: Disabled
Heap:
 garbage-first heap   total 133120K, used 83414K [0x0000000080000000, 0x0000000100000000)
  region size 1024K, 1 young (1024K), 1 survivors (1024K)
 Metaspace       used 62411K, committed 63104K, reserved 1114112K
  class space    used 8402K, committed 8704K, reserved 1048576K
GC Heap History (20 events):
Event: 10.717 GC heap after
{Heap after GC invocations=17 (full 0):
 garbage-first heap   total 91136K, used 53693K [0x0000000080000000, 0x0000000100000000)
  region size 1024K, 3 young (3072K), 3 survivors (3072K)
 Metaspace       used 42526K, committed 42880K, reserved 1114112K
  class space    used 5701K, committed 5824K, reserved 1048576K
}
Event: 10.984 GC heap before
{Heap before GC invocations=17 (full 0):
 garbage-first heap   total 91136K, used 73149K [0x0000000080000000, 0x0000000100000000)
  region size 1024K, 22 young (22528K), 3 survivors (3072K)
 Metaspace       used 43007K, committed 43392K, reserved 1114112K
  class space    used 5747K, committed 5888K, reserved 1048576K
}
Event: 10.997 GC heap after
{Heap after GC invocations=18 (full 0):
 garbage-first heap   total 91136K, used 56578K [0x0000000080000000, 0x0000000100000000)
  region size 1024K, 3 young (3072K), 3 survivors (3072K)
 Metaspace       used 43007K, committed 43392K, reserved 1114112K
  class space    used 5747K, committed 5888K, reserved 1048576K
}
Event: 11.605 GC heap before
{Heap before GC invocations=19 (full 0):
 garbage-first heap   total 107520K, used 78082K [0x0000000080000000, 0x0000000100000000)
  region size 1024K, 20 young (20480K), 3 survivors (3072K)
 Metaspace       used 45774K, committed 46208K, reserved 1114112K
  class space    used 6057K, committed 6272K, reserved 1048576K
}
Event: 11.616 GC heap after
{Heap after GC invocations=20 (full 0):
 garbage-first heap   total 107520K, used 57858K [0x0000000080000000, 0x0000000100000000)
  region size 1024K, 2 young (2048K), 2 survivors (2048K)
 Metaspace       used 45774K, committed 46208K, reserved 1114112K
  class space    used 6057K, committed 6272K, reserved 1048576K
}
Event: 12.443 GC heap before
{Heap before GC invocations=20 (full 0):
 garbage-first heap   total 107520K, used 84482K [0x0000000080000000, 0x0000000100000000)
  region size 1024K, 29 young (29696K), 2 survivors (2048K)
 Metaspace       used 48060K, committed 48576K, reserved 1114112K
  class space    used 6404K, committed 6656K, reserved 1048576K
}
Event: 12.452 GC heap after
{Heap after GC invocations=21 (full 0):
 garbage-first heap   total 129024K, used 60390K [0x0000000080000000, 0x0000000100000000)
  region size 1024K, 4 young (4096K), 4 survivors (4096K)
 Metaspace       used 48060K, committed 48576K, reserved 1114112K
  class space    used 6404K, committed 6656K, reserved 1048576K
}
Event: 12.776 GC heap before
{Heap before GC invocations=21 (full 0):
 garbage-first heap   total 129024K, used 76774K [0x0000000080000000, 0x0000000100000000)
  region size 1024K, 18 young (18432K), 4 survivors (4096K)
 Metaspace       used 49093K, committed 49600K, reserved 1114112K
  class space    used 6520K, committed 6784K, reserved 1048576K
}
Event: 12.791 GC heap after
{Heap after GC invocations=22 (full 0):
 garbage-first heap   total 129024K, used 65610K [0x0000000080000000, 0x0000000100000000)
  region size 1024K, 5 young (5120K), 5 survivors (5120K)
 Metaspace       used 49093K, committed 49600K, reserved 1114112K
  class space    used 6520K, committed 6784K, reserved 1048576K
}
Event: 13.698 GC heap before
{Heap before GC invocations=23 (full 0):
 garbage-first heap   total 129024K, used 101450K [0x0000000080000000, 0x0000000100000000)
  region size 1024K, 38 young (38912K), 5 survivors (5120K)
 Metaspace       used 52184K, committed 52672K, reserved 1114112K
  class space    used 6957K, committed 7168K, reserved 1048576K
}
Event: 13.713 GC heap after
{Heap after GC invocations=24 (full 0):
 garbage-first heap   total 129024K, used 66660K [0x0000000080000000, 0x0000000100000000)
  region size 1024K, 4 young (4096K), 4 survivors (4096K)
 Metaspace       used 52184K, committed 52672K, reserved 1114112K
  class space    used 6957K, committed 7168K, reserved 1048576K
}
Event: 14.789 GC heap before
{Heap before GC invocations=24 (full 0):
 garbage-first heap   total 129024K, used 100452K [0x0000000080000000, 0x0000000100000000)
  region size 1024K, 37 young (37888K), 4 survivors (4096K)
 Metaspace       used 55761K, committed 56384K, reserved 1114112K
  class space    used 7578K, committed 7808K, reserved 1048576K
}
Event: 14.799 GC heap after
{Heap after GC invocations=25 (full 0):
 garbage-first heap   total 129024K, used 68907K [0x0000000080000000, 0x0000000100000000)
  region size 1024K, 4 young (4096K), 4 survivors (4096K)
 Metaspace       used 55761K, committed 56384K, reserved 1114112K
  class space    used 7578K, committed 7808K, reserved 1048576K
}
Event: 16.170 GC heap before
{Heap before GC invocations=26 (full 0):
 garbage-first heap   total 129024K, used 98603K [0x0000000080000000, 0x0000000100000000)
  region size 1024K, 35 young (35840K), 4 survivors (4096K)
 Metaspace       used 57528K, committed 58304K, reserved 1114112K
  class space    used 7776K, committed 8128K, reserved 1048576K
}
Event: 16.186 GC heap after
{Heap after GC invocations=27 (full 0):
 garbage-first heap   total 129024K, used 71506K [0x0000000080000000, 0x0000000100000000)
  region size 1024K, 5 young (5120K), 5 survivors (5120K)
 Metaspace       used 57528K, committed 58304K, reserved 1114112K
  class space    used 7776K, committed 8128K, reserved 1048576K
}
Event: 16.757 GC heap before
{Heap before GC invocations=28 (full 0):
 garbage-first heap   total 133120K, used 110418K [0x0000000080000000, 0x0000000100000000)
  region size 1024K, 37 young (37888K), 5 survivors (5120K)
 Metaspace       used 59590K, committed 60288K, reserved 1114112K
  class space    used 8067K, committed 8384K, reserved 1048576K
}
Event: 16.771 GC heap after
{Heap after GC invocations=29 (full 0):
 garbage-first heap   total 133120K, used 83599K [0x0000000080000000, 0x0000000100000000)
  region size 1024K, 5 young (5120K), 5 survivors (5120K)
 Metaspace       used 59590K, committed 60288K, reserved 1114112K
  class space    used 8067K, committed 8384K, reserved 1048576K
}
Event: 16.792 GC heap before
{Heap before GC invocations=29 (full 0):
 garbage-first heap   total 133120K, used 84623K [0x0000000080000000, 0x0000000100000000)
  region size 1024K, 6 young (6144K), 5 survivors (5120K)
 Metaspace       used 59678K, committed 60352K, reserved 1114112K
  class space    used 8074K, committed 8384K, reserved 1048576K
}
Event: 16.797 GC heap after
{Heap after GC invocations=30 (full 0):
 garbage-first heap   total 133120K, used 83045K [0x0000000080000000, 0x0000000100000000)
  region size 1024K, 1 young (1024K), 1 survivors (1024K)
 Metaspace       used 59678K, committed 60352K, reserved 1114112K
  class space    used 8074K, committed 8384K, reserved 1048576K
}
Event: 17.331 GC heap before
{Heap before GC invocations=30 (full 0):
 garbage-first heap   total 133120K, used 108645K [0x0000000080000000, 0x0000000100000000)
  region size 1024K, 27 young (27648K), 1 survivors (1024K)
 Metaspace       used 62411K, committed 63104K, reserved 1114112K
  class space    used 8402K, committed 8704K, reserved 1048576K
}

