# JRE version: OpenJDK Runtime Environment (17.0.7) (build 17.0.7+0-b2043.56-10550314)
# Java VM: OpenJDK 64-Bit Server VM (17.0.7+0-b2043.56-10550314, mixed mode, tiered, compressed oops, compressed class ptrs, g1 gc, windows-amd64)
GC Precious Log:
 CPUs: 4 total, 4 available
 Memory: 12224M
 Large Page Support: Disabled
 NUMA Support: Disabled
 Compressed Oops: Enabled (32-bit)
 Heap Region Size: 1M
 Heap Min Capacity: 8M
 Heap Initial Capacity: 192M
 Heap Max Capacity: 2G
 Pre-touch: Disabled
 Parallel Workers: 4
 Concurrent Workers: 1
 Concurrent Refinement Workers: 4
 Periodic GC: Disabled
Heap:
 garbage-first heap   total 152576K, used 83936K [0x0000000080000000, 0x0000000100000000)
  region size 1024K, 1 young (1024K), 1 survivors (1024K)
 Metaspace       used 64253K, committed 64896K, reserved 1114112K
  class space    used 8594K, committed 8896K, reserved 1048576K
GC Heap History (20 events):
Event: 8.305 GC heap after
{Heap after GC invocations=18 (full 0):
 garbage-first heap   total 136192K, used 55357K [0x0000000080000000, 0x0000000100000000)
  region size 1024K, 3 young (3072K), 3 survivors (3072K)
 Metaspace       used 42558K, committed 42944K, reserved 1114112K
  class space    used 5700K, committed 5888K, reserved 1048576K
}
Event: 9.684 GC heap before
{Heap before GC invocations=19 (full 0):
 garbage-first heap   total 136192K, used 97341K [0x0000000080000000, 0x0000000100000000)
  region size 1024K, 40 young (40960K), 3 survivors (3072K)
 Metaspace       used 47467K, committed 47872K, reserved 1114112K
  class space    used 6323K, committed 6528K, reserved 1048576K
}
Event: 9.694 GC heap after
{Heap after GC invocations=20 (full 0):
 garbage-first heap   total 136192K, used 58105K [0x0000000080000000, 0x0000000100000000)
  region size 1024K, 5 young (5120K), 5 survivors (5120K)
 Metaspace       used 47467K, committed 47872K, reserved 1114112K
  class space    used 6323K, committed 6528K, reserved 1048576K
}
Event: 10.774 GC heap before
{Heap before GC invocations=20 (full 0):
 garbage-first heap   total 136192K, used 101113K [0x0000000080000000, 0x0000000100000000)
  region size 1024K, 43 young (44032K), 5 survivors (5120K)
 Metaspace       used 50856K, committed 51392K, reserved 1114112K
  class space    used 6688K, committed 6912K, reserved 1048576K
}
Event: 10.793 GC heap after
{Heap after GC invocations=21 (full 0):
 garbage-first heap   total 136192K, used 65237K [0x0000000080000000, 0x0000000100000000)
  region size 1024K, 6 young (6144K), 6 survivors (6144K)
 Metaspace       used 50856K, committed 51392K, reserved 1114112K
  class space    used 6688K, committed 6912K, reserved 1048576K
}
Event: 11.678 GC heap before
{Heap before GC invocations=21 (full 0):
 garbage-first heap   total 136192K, used 102101K [0x0000000080000000, 0x0000000100000000)
  region size 1024K, 42 young (43008K), 6 survivors (6144K)
 Metaspace       used 53742K, committed 54272K, reserved 1114112K
  class space    used 7222K, committed 7424K, reserved 1048576K
}
Event: 11.695 GC heap after
{Heap after GC invocations=22 (full 0):
 garbage-first heap   total 136192K, used 67842K [0x0000000080000000, 0x0000000100000000)
  region size 1024K, 3 young (3072K), 3 survivors (3072K)
 Metaspace       used 53742K, committed 54272K, reserved 1114112K
  class space    used 7222K, committed 7424K, reserved 1048576K
}
Event: 13.001 GC heap before
{Heap before GC invocations=22 (full 0):
 garbage-first heap   total 136192K, used 104706K [0x0000000080000000, 0x0000000100000000)
  region size 1024K, 39 young (39936K), 3 survivors (3072K)
 Metaspace       used 57221K, committed 57792K, reserved 1114112K
  class space    used 7752K, committed 8000K, reserved 1048576K
}
Event: 13.014 GC heap after
{Heap after GC invocations=23 (full 0):
 garbage-first heap   total 136192K, used 70257K [0x0000000080000000, 0x0000000100000000)
  region size 1024K, 5 young (5120K), 5 survivors (5120K)
 Metaspace       used 57221K, committed 57792K, reserved 1114112K
  class space    used 7752K, committed 8000K, reserved 1048576K
}
Event: 13.420 GC heap before
{Heap before GC invocations=24 (full 0):
 garbage-first heap   total 136192K, used 81521K [0x0000000080000000, 0x0000000100000000)
  region size 1024K, 18 young (18432K), 5 survivors (5120K)
 Metaspace       used 57477K, committed 58048K, reserved 1114112K
  class space    used 7778K, committed 8000K, reserved 1048576K
}
Event: 13.434 GC heap after
{Heap after GC invocations=25 (full 0):
 garbage-first heap   total 136192K, used 71242K [0x0000000080000000, 0x0000000100000000)
  region size 1024K, 4 young (4096K), 4 survivors (4096K)
 Metaspace       used 57477K, committed 58048K, reserved 1114112K
  class space    used 7778K, committed 8000K, reserved 1048576K
}
Event: 13.678 GC heap before
{Heap before GC invocations=26 (full 0):
 garbage-first heap   total 136192K, used 84554K [0x0000000080000000, 0x0000000100000000)
  region size 1024K, 14 young (14336K), 4 survivors (4096K)
 Metaspace       used 57822K, committed 58368K, reserved 1114112K
  class space    used 7836K, committed 8064K, reserved 1048576K
}
Event: 13.687 GC heap after
{Heap after GC invocations=27 (full 0):
 garbage-first heap   total 136192K, used 79967K [0x0000000080000000, 0x0000000100000000)
  region size 1024K, 5 young (5120K), 5 survivors (5120K)
 Metaspace       used 57822K, committed 58368K, reserved 1114112K
  class space    used 7836K, committed 8064K, reserved 1048576K
}
Event: 13.899 GC heap before
{Heap before GC invocations=28 (full 0):
 garbage-first heap   total 148480K, used 90207K [0x0000000080000000, 0x0000000100000000)
  region size 1024K, 16 young (16384K), 5 survivors (5120K)
 Metaspace       used 58405K, committed 59008K, reserved 1114112K
  class space    used 7892K, committed 8128K, reserved 1048576K
}
Event: 13.904 GC heap after
{Heap after GC invocations=29 (full 0):
 garbage-first heap   total 148480K, used 82038K [0x0000000080000000, 0x0000000100000000)
  region size 1024K, 2 young (2048K), 2 survivors (2048K)
 Metaspace       used 58405K, committed 59008K, reserved 1114112K
  class space    used 7892K, committed 8128K, reserved 1048576K
}
Event: 14.406 GC heap before
{Heap before GC invocations=30 (full 0):
 garbage-first heap   total 152576K, used 106614K [0x0000000080000000, 0x0000000100000000)
  region size 1024K, 26 young (26624K), 2 survivors (2048K)
 Metaspace       used 60542K, committed 61184K, reserved 1114112K
  class space    used 8212K, committed 8512K, reserved 1048576K
}
Event: 14.412 GC heap after
{Heap after GC invocations=31 (full 0):
 garbage-first heap   total 152576K, used 83627K [0x0000000080000000, 0x0000000100000000)
  region size 1024K, 3 young (3072K), 3 survivors (3072K)
 Metaspace       used 60542K, committed 61184K, reserved 1114112K
  class space    used 8212K, committed 8512K, reserved 1048576K
}
Event: 14.489 GC heap before
{Heap before GC invocations=31 (full 0):
 garbage-first heap   total 152576K, used 87723K [0x0000000080000000, 0x0000000100000000)
  region size 1024K, 7 young (7168K), 3 survivors (3072K)
 Metaspace       used 60997K, committed 61632K, reserved 1114112K
  class space    used 8276K, committed 8576K, reserved 1048576K
}
Event: 14.495 GC heap after
{Heap after GC invocations=32 (full 0):
 garbage-first heap   total 152576K, used 83367K [0x0000000080000000, 0x0000000100000000)
  region size 1024K, 1 young (1024K), 1 survivors (1024K)
 Metaspace       used 60997K, committed 61632K, reserved 1114112K
  class space    used 8276K, committed 8576K, reserved 1048576K
}
Event: 14.959 GC heap before
{Heap before GC invocations=32 (full 0):
 garbage-first heap   total 152576K, used 112039K [0x0000000080000000, 0x0000000100000000)
  region size 1024K, 29 young (29696K), 1 survivors (1024K)
 Metaspace       used 64253K, committed 64896K, reserved 1114112K
  class space    used 8594K, committed 8896K, reserved 1048576K
}

