# JRE version: OpenJDK Runtime Environment (17.0.7) (build 17.0.7+0-b2043.56-10550314)
# Java VM: OpenJDK 64-Bit Server VM (17.0.7+0-b2043.56-10550314, mixed mode, tiered, compressed oops, compressed class ptrs, g1 gc, windows-amd64)
GC Precious Log:
 CPUs: 4 total, 4 available
 Memory: 12224M
 Large Page Support: Disabled
 NUMA Support: Disabled
 Compressed Oops: Enabled (32-bit)
 Heap Region Size: 1M
 Heap Min Capacity: 8M
 Heap Initial Capacity: 192M
 Heap Max Capacity: 2G
 Pre-touch: Disabled
 Parallel Workers: 4
 Concurrent Workers: 1
 Concurrent Refinement Workers: 4
 Periodic GC: Disabled
Heap:
 garbage-first heap   total 221184K, used 146586K [0x0000000080000000, 0x0000000100000000)
  region size 1024K, 33 young (33792K), 9 survivors (9216K)
 Metaspace       used 90752K, committed 91584K, reserved 1179648K
  class space    used 12351K, committed 12736K, reserved 1048576K
GC Heap History (20 events):
Event: 23.357 GC heap before
{Heap before GC invocations=41 (full 0):
 garbage-first heap   total 145408K, used 106747K [0x0000000080000000, 0x0000000100000000)
  region size 1024K, 25 young (25600K), 1 survivors (1024K)
 Metaspace       used 65892K, committed 66560K, reserved 1114112K
  class space    used 8857K, committed 9152K, reserved 1048576K
}
Event: 23.362 GC heap after
{Heap after GC invocations=42 (full 0):
 garbage-first heap   total 145408K, used 84216K [0x0000000080000000, 0x0000000100000000)
  region size 1024K, 2 young (2048K), 2 survivors (2048K)
 Metaspace       used 65892K, committed 66560K, reserved 1114112K
  class space    used 8857K, committed 9152K, reserved 1048576K
}
Event: 23.638 GC heap before
{Heap before GC invocations=42 (full 0):
 garbage-first heap   total 145408K, used 89336K [0x0000000080000000, 0x0000000100000000)
  region size 1024K, 7 young (7168K), 2 survivors (2048K)
 Metaspace       used 67214K, committed 67904K, reserved 1114112K
  class space    used 9029K, committed 9344K, reserved 1048576K
}
Event: 23.646 GC heap after
{Heap after GC invocations=43 (full 0):
 garbage-first heap   total 145408K, used 84522K [0x0000000080000000, 0x0000000100000000)
  region size 1024K, 1 young (1024K), 1 survivors (1024K)
 Metaspace       used 67214K, committed 67904K, reserved 1114112K
  class space    used 9029K, committed 9344K, reserved 1048576K
}
Event: 24.094 GC heap before
{Heap before GC invocations=43 (full 0):
 garbage-first heap   total 145408K, used 94762K [0x0000000080000000, 0x0000000100000000)
  region size 1024K, 13 young (13312K), 1 survivors (1024K)
 Metaspace       used 69118K, committed 69824K, reserved 1114112K
  class space    used 9260K, committed 9536K, reserved 1048576K
}
Event: 24.098 GC heap after
{Heap after GC invocations=44 (full 0):
 garbage-first heap   total 145408K, used 85909K [0x0000000080000000, 0x0000000100000000)
  region size 1024K, 3 young (3072K), 3 survivors (3072K)
 Metaspace       used 69118K, committed 69824K, reserved 1114112K
  class space    used 9260K, committed 9536K, reserved 1048576K
}
Event: 24.733 GC heap before
{Heap before GC invocations=45 (full 0):
 garbage-first heap   total 176128K, used 118677K [0x0000000080000000, 0x0000000100000000)
  region size 1024K, 29 young (29696K), 3 survivors (3072K)
 Metaspace       used 70325K, committed 71040K, reserved 1114112K
  class space    used 9428K, committed 9728K, reserved 1048576K
}
Event: 24.741 GC heap after
{Heap after GC invocations=46 (full 0):
 garbage-first heap   total 176128K, used 88496K [0x0000000080000000, 0x0000000100000000)
  region size 1024K, 4 young (4096K), 4 survivors (4096K)
 Metaspace       used 70325K, committed 71040K, reserved 1114112K
  class space    used 9428K, committed 9728K, reserved 1048576K
}
Event: 24.888 GC heap before
{Heap before GC invocations=46 (full 0):
 garbage-first heap   total 176128K, used 91568K [0x0000000080000000, 0x0000000100000000)
  region size 1024K, 8 young (8192K), 4 survivors (4096K)
 Metaspace       used 70626K, committed 71296K, reserved 1114112K
  class space    used 9472K, committed 9728K, reserved 1048576K
}
Event: 24.894 GC heap after
{Heap after GC invocations=47 (full 0):
 garbage-first heap   total 176128K, used 88871K [0x0000000080000000, 0x0000000100000000)
  region size 1024K, 1 young (1024K), 1 survivors (1024K)
 Metaspace       used 70626K, committed 71296K, reserved 1114112K
  class space    used 9472K, committed 9728K, reserved 1048576K
}
Event: 26.338 GC heap before
{Heap before GC invocations=47 (full 0):
 garbage-first heap   total 176128K, used 129831K [0x0000000080000000, 0x0000000100000000)
  region size 1024K, 41 young (41984K), 1 survivors (1024K)
 Metaspace       used 73982K, committed 74688K, reserved 1114112K
  class space    used 9946K, committed 10240K, reserved 1048576K
}
Event: 26.344 GC heap after
{Heap after GC invocations=48 (full 0):
 garbage-first heap   total 221184K, used 90483K [0x0000000080000000, 0x0000000100000000)
  region size 1024K, 3 young (3072K), 3 survivors (3072K)
 Metaspace       used 73982K, committed 74688K, reserved 1114112K
  class space    used 9946K, committed 10240K, reserved 1048576K
}
Event: 28.418 GC heap before
{Heap before GC invocations=49 (full 0):
 garbage-first heap   total 221184K, used 157043K [0x0000000080000000, 0x0000000100000000)
  region size 1024K, 68 young (69632K), 3 survivors (3072K)
 Metaspace       used 79782K, committed 80448K, reserved 1179648K
  class space    used 10709K, committed 11008K, reserved 1048576K
}
Event: 28.432 GC heap after
{Heap after GC invocations=50 (full 0):
 garbage-first heap   total 221184K, used 93700K [0x0000000080000000, 0x0000000100000000)
  region size 1024K, 6 young (6144K), 6 survivors (6144K)
 Metaspace       used 79782K, committed 80448K, reserved 1179648K
  class space    used 10709K, committed 11008K, reserved 1048576K
}
Event: 28.713 GC heap before
{Heap before GC invocations=50 (full 0):
 garbage-first heap   total 221184K, used 96772K [0x0000000080000000, 0x0000000100000000)
  region size 1024K, 10 young (10240K), 6 survivors (6144K)
 Metaspace       used 80107K, committed 80768K, reserved 1179648K
  class space    used 10752K, committed 11008K, reserved 1048576K
}
Event: 28.724 GC heap after
{Heap after GC invocations=51 (full 0):
 garbage-first heap   total 221184K, used 94105K [0x0000000080000000, 0x0000000100000000)
  region size 1024K, 1 young (1024K), 1 survivors (1024K)
 Metaspace       used 80107K, committed 80768K, reserved 1179648K
  class space    used 10752K, committed 11008K, reserved 1048576K
}
Event: 31.192 GC heap before
{Heap before GC invocations=51 (full 0):
 garbage-first heap   total 221184K, used 171929K [0x0000000080000000, 0x0000000100000000)
  region size 1024K, 77 young (78848K), 1 survivors (1024K)
 Metaspace       used 86233K, committed 86912K, reserved 1179648K
  class space    used 11795K, committed 12096K, reserved 1048576K
}
Event: 31.201 GC heap after
{Heap after GC invocations=52 (full 0):
 garbage-first heap   total 221184K, used 96778K [0x0000000080000000, 0x0000000100000000)
  region size 1024K, 4 young (4096K), 4 survivors (4096K)
 Metaspace       used 86233K, committed 86912K, reserved 1179648K
  class space    used 11795K, committed 12096K, reserved 1048576K
}
Event: 32.463 GC heap before
{Heap before GC invocations=52 (full 0):
 garbage-first heap   total 221184K, used 129546K [0x0000000080000000, 0x0000000100000000)
  region size 1024K, 26 young (26624K), 4 survivors (4096K)
 Metaspace       used 88519K, committed 89280K, reserved 1179648K
  class space    used 11987K, committed 12352K, reserved 1048576K
}
Event: 32.476 GC heap after
{Heap after GC invocations=53 (full 0):
 garbage-first heap   total 221184K, used 108698K [0x0000000080000000, 0x0000000100000000)
  region size 1024K, 9 young (9216K), 9 survivors (9216K)
 Metaspace       used 88519K, committed 89280K, reserved 1179648K
  class space    used 11987K, committed 12352K, reserved 1048576K
}

