# JRE version: OpenJDK Runtime Environment (17.0.7) (build 17.0.7+0-b2043.56-10550314)
# Java VM: OpenJDK 64-Bit Server VM (17.0.7+0-b2043.56-10550314, mixed mode, tiered, compressed oops, compressed class ptrs, g1 gc, windows-amd64)
GC Precious Log:
 CPUs: 4 total, 4 available
 Memory: 12224M
 Large Page Support: Disabled
 NUMA Support: Disabled
 Compressed Oops: Enabled (32-bit)
 Heap Region Size: 1M
 Heap Min Capacity: 8M
 Heap Initial Capacity: 192M
 Heap Max Capacity: 2G
 Pre-touch: Disabled
 Parallel Workers: 4
 Concurrent Workers: 1
 Concurrent Refinement Workers: 4
 Periodic GC: Disabled
Heap:
 garbage-first heap   total 275456K, used 126207K [0x0000000080000000, 0x0000000100000000)
  region size 1024K, 63 young (64512K), 3 survivors (3072K)
 Metaspace       used 53543K, committed 54080K, reserved 1114112K
  class space    used 7190K, committed 7424K, reserved 1048576K
GC Heap History (20 events):
Event: 6.423 GC heap before
{Heap before GC invocations=11 (full 0):
 garbage-first heap   total 81920K, used 55377K [0x0000000080000000, 0x0000000100000000)
  region size 1024K, 11 young (11264K), 2 survivors (2048K)
 Metaspace       used 30892K, committed 31232K, reserved 1114112K
  class space    used 4215K, committed 4416K, reserved 1048576K
}
Event: 6.426 GC heap after
{Heap after GC invocations=12 (full 0):
 garbage-first heap   total 81920K, used 49378K [0x0000000080000000, 0x0000000100000000)
  region size 1024K, 2 young (2048K), 2 survivors (2048K)
 Metaspace       used 30892K, committed 31232K, reserved 1114112K
  class space    used 4215K, committed 4416K, reserved 1048576K
}
Event: 6.757 GC heap before
{Heap before GC invocations=12 (full 0):
 garbage-first heap   total 81920K, used 61666K [0x0000000080000000, 0x0000000100000000)
  region size 1024K, 15 young (15360K), 2 survivors (2048K)
 Metaspace       used 32499K, committed 32896K, reserved 1114112K
  class space    used 4479K, committed 4672K, reserved 1048576K
}
Event: 6.763 GC heap after
{Heap after GC invocations=13 (full 0):
 garbage-first heap   total 81920K, used 50072K [0x0000000080000000, 0x0000000100000000)
  region size 1024K, 1 young (1024K), 1 survivors (1024K)
 Metaspace       used 32499K, committed 32896K, reserved 1114112K
  class space    used 4479K, committed 4672K, reserved 1048576K
}
Event: 7.196 GC heap before
{Heap before GC invocations=14 (full 0):
 garbage-first heap   total 89088K, used 63384K [0x0000000080000000, 0x0000000100000000)
  region size 1024K, 14 young (14336K), 1 survivors (1024K)
 Metaspace       used 34184K, committed 34560K, reserved 1114112K
  class space    used 4737K, committed 4928K, reserved 1048576K
}
Event: 7.201 GC heap after
{Heap after GC invocations=15 (full 0):
 garbage-first heap   total 89088K, used 50589K [0x0000000080000000, 0x0000000100000000)
  region size 1024K, 2 young (2048K), 2 survivors (2048K)
 Metaspace       used 34184K, committed 34560K, reserved 1114112K
  class space    used 4737K, committed 4928K, reserved 1048576K
}
Event: 7.752 GC heap before
{Heap before GC invocations=15 (full 0):
 garbage-first heap   total 89088K, used 67997K [0x0000000080000000, 0x0000000100000000)
  region size 1024K, 20 young (20480K), 2 survivors (2048K)
 Metaspace       used 37112K, committed 37504K, reserved 1114112K
  class space    used 5181K, committed 5376K, reserved 1048576K
}
Event: 7.757 GC heap after
{Heap after GC invocations=16 (full 0):
 garbage-first heap   total 107520K, used 51756K [0x0000000080000000, 0x0000000100000000)
  region size 1024K, 3 young (3072K), 3 survivors (3072K)
 Metaspace       used 37112K, committed 37504K, reserved 1114112K
  class space    used 5181K, committed 5376K, reserved 1048576K
}
Event: 8.648 GC heap before
{Heap before GC invocations=17 (full 0):
 garbage-first heap   total 107520K, used 81452K [0x0000000080000000, 0x0000000100000000)
  region size 1024K, 33 young (33792K), 3 survivors (3072K)
 Metaspace       used 42512K, committed 42944K, reserved 1114112K
  class space    used 5699K, committed 5888K, reserved 1048576K
}
Event: 8.663 GC heap after
{Heap after GC invocations=18 (full 0):
 garbage-first heap   total 107520K, used 55622K [0x0000000080000000, 0x0000000100000000)
  region size 1024K, 5 young (5120K), 5 survivors (5120K)
 Metaspace       used 42512K, committed 42944K, reserved 1114112K
  class space    used 5699K, committed 5888K, reserved 1048576K
}
Event: 8.668 GC heap before
{Heap before GC invocations=18 (full 0):
 garbage-first heap   total 107520K, used 56646K [0x0000000080000000, 0x0000000100000000)
  region size 1024K, 6 young (6144K), 5 survivors (5120K)
 Metaspace       used 42512K, committed 42944K, reserved 1114112K
  class space    used 5699K, committed 5888K, reserved 1048576K
}
Event: 8.678 GC heap after
{Heap after GC invocations=19 (full 0):
 garbage-first heap   total 107520K, used 56177K [0x0000000080000000, 0x0000000100000000)
  region size 1024K, 1 young (1024K), 1 survivors (1024K)
 Metaspace       used 42512K, committed 42944K, reserved 1114112K
  class space    used 5699K, committed 5888K, reserved 1048576K
}
Event: 8.894 GC heap before
{Heap before GC invocations=19 (full 0):
 garbage-first heap   total 107520K, used 67441K [0x0000000080000000, 0x0000000100000000)
  region size 1024K, 14 young (14336K), 1 survivors (1024K)
 Metaspace       used 42985K, committed 43392K, reserved 1114112K
  class space    used 5745K, committed 5888K, reserved 1048576K
}
Event: 8.898 GC heap after
{Heap after GC invocations=20 (full 0):
 garbage-first heap   total 107520K, used 57663K [0x0000000080000000, 0x0000000100000000)
  region size 1024K, 3 young (3072K), 3 survivors (3072K)
 Metaspace       used 42985K, committed 43392K, reserved 1114112K
  class space    used 5745K, committed 5888K, reserved 1048576K
}
Event: 9.701 GC heap before
{Heap before GC invocations=21 (full 0):
 garbage-first heap   total 111616K, used 89407K [0x0000000080000000, 0x0000000100000000)
  region size 1024K, 29 young (29696K), 3 survivors (3072K)
 Metaspace       used 46897K, committed 47360K, reserved 1114112K
  class space    used 6229K, committed 6464K, reserved 1048576K
}
Event: 9.708 GC heap after
{Heap after GC invocations=22 (full 0):
 garbage-first heap   total 111616K, used 59007K [0x0000000080000000, 0x0000000100000000)
  region size 1024K, 2 young (2048K), 2 survivors (2048K)
 Metaspace       used 46897K, committed 47360K, reserved 1114112K
  class space    used 6229K, committed 6464K, reserved 1048576K
}
Event: 9.783 GC heap before
{Heap before GC invocations=22 (full 0):
 garbage-first heap   total 111616K, used 62079K [0x0000000080000000, 0x0000000100000000)
  region size 1024K, 5 young (5120K), 2 survivors (2048K)
 Metaspace       used 47246K, committed 47680K, reserved 1114112K
  class space    used 6286K, committed 6528K, reserved 1048576K
}
Event: 9.790 GC heap after
{Heap after GC invocations=23 (full 0):
 garbage-first heap   total 111616K, used 58769K [0x0000000080000000, 0x0000000100000000)
  region size 1024K, 1 young (1024K), 1 survivors (1024K)
 Metaspace       used 47246K, committed 47680K, reserved 1114112K
  class space    used 6286K, committed 6528K, reserved 1048576K
}
Event: 10.286 GC heap before
{Heap before GC invocations=23 (full 0):
 garbage-first heap   total 111616K, used 72081K [0x0000000080000000, 0x0000000100000000)
  region size 1024K, 15 young (15360K), 1 survivors (1024K)
 Metaspace       used 48021K, committed 48512K, reserved 1114112K
  class space    used 6405K, committed 6656K, reserved 1048576K
}
Event: 10.296 GC heap after
{Heap after GC invocations=24 (full 0):
 garbage-first heap   total 275456K, used 60671K [0x0000000080000000, 0x0000000100000000)
  region size 1024K, 3 young (3072K), 3 survivors (3072K)
 Metaspace       used 48021K, committed 48512K, reserved 1114112K
  class space    used 6405K, committed 6656K, reserved 1048576K
}

