# JRE version: OpenJDK Runtime Environment (17.0.7) (build 17.0.7+0-b2043.56-10550314)
# Java VM: OpenJDK 64-Bit Server VM (17.0.7+0-b2043.56-10550314, mixed mode, tiered, compressed oops, compressed class ptrs, g1 gc, windows-amd64)
GC Precious Log:
 CPUs: 4 total, 4 available
 Memory: 12224M
 Large Page Support: Disabled
 NUMA Support: Disabled
 Compressed Oops: Enabled (32-bit)
 Heap Region Size: 1M
 Heap Min Capacity: 8M
 Heap Initial Capacity: 192M
 Heap Max Capacity: 2G
 Pre-touch: Disabled
 Parallel Workers: 4
 Concurrent Workers: 1
 Concurrent Refinement Workers: 4
 Periodic GC: Disabled
Heap:
 garbage-first heap   total 196608K, used 92399K [0x0000000080000000, 0x0000000100000000)
  region size 1024K, 3 young (3072K), 3 survivors (3072K)
 Metaspace       used 71226K, committed 71936K, reserved 1114112K
  class space    used 9551K, committed 9856K, reserved 1048576K
GC Heap History (20 events):
Event: 14.054 GC heap after
{Heap after GC invocations=25 (full 0):
 garbage-first heap   total 119808K, used 68154K [0x0000000080000000, 0x0000000100000000)
  region size 1024K, 3 young (3072K), 3 survivors (3072K)
 Metaspace       used 54190K, committed 54720K, reserved 1114112K
  class space    used 7299K, committed 7552K, reserved 1048576K
}
Event: 15.323 GC heap before
{Heap before GC invocations=26 (full 0):
 garbage-first heap   total 121856K, used 96826K [0x0000000080000000, 0x0000000100000000)
  region size 1024K, 31 young (31744K), 3 survivors (3072K)
 Metaspace       used 57047K, committed 57600K, reserved 1114112K
  class space    used 7738K, committed 8000K, reserved 1048576K
}
Event: 15.336 GC heap after
{Heap after GC invocations=27 (full 0):
 garbage-first heap   total 121856K, used 70438K [0x0000000080000000, 0x0000000100000000)
  region size 1024K, 4 young (4096K), 4 survivors (4096K)
 Metaspace       used 57047K, committed 57600K, reserved 1114112K
  class space    used 7738K, committed 8000K, reserved 1048576K
}
Event: 15.413 GC heap before
{Heap before GC invocations=27 (full 0):
 garbage-first heap   total 121856K, used 71462K [0x0000000080000000, 0x0000000100000000)
  region size 1024K, 5 young (5120K), 4 survivors (4096K)
 Metaspace       used 57132K, committed 57792K, reserved 1114112K
  class space    used 7739K, committed 8000K, reserved 1048576K
}
Event: 15.424 GC heap after
{Heap after GC invocations=28 (full 0):
 garbage-first heap   total 161792K, used 70597K [0x0000000080000000, 0x0000000100000000)
  region size 1024K, 1 young (1024K), 1 survivors (1024K)
 Metaspace       used 57132K, committed 57792K, reserved 1114112K
  class space    used 7739K, committed 8000K, reserved 1048576K
}
Event: 15.974 GC heap before
{Heap before GC invocations=28 (full 0):
 garbage-first heap   total 161792K, used 86981K [0x0000000080000000, 0x0000000100000000)
  region size 1024K, 17 young (17408K), 1 survivors (1024K)
 Metaspace       used 57513K, committed 58112K, reserved 1114112K
  class space    used 7781K, committed 8064K, reserved 1048576K
}
Event: 15.979 GC heap after
{Heap after GC invocations=29 (full 0):
 garbage-first heap   total 161792K, used 74135K [0x0000000080000000, 0x0000000100000000)
  region size 1024K, 3 young (3072K), 3 survivors (3072K)
 Metaspace       used 57513K, committed 58112K, reserved 1114112K
  class space    used 7781K, committed 8064K, reserved 1048576K
}
Event: 16.008 GC heap before
{Heap before GC invocations=29 (full 0):
 garbage-first heap   total 161792K, used 76183K [0x0000000080000000, 0x0000000100000000)
  region size 1024K, 5 young (5120K), 3 survivors (3072K)
 Metaspace       used 57543K, committed 58176K, reserved 1114112K
  class space    used 7783K, committed 8064K, reserved 1048576K
}
Event: 16.013 GC heap after
{Heap after GC invocations=30 (full 0):
 garbage-first heap   total 161792K, used 75912K [0x0000000080000000, 0x0000000100000000)
  region size 1024K, 3 young (3072K), 3 survivors (3072K)
 Metaspace       used 57543K, committed 58176K, reserved 1114112K
  class space    used 7783K, committed 8064K, reserved 1048576K
}
Event: 16.766 GC heap before
{Heap before GC invocations=31 (full 0):
 garbage-first heap   total 161792K, used 113800K [0x0000000080000000, 0x0000000100000000)
  region size 1024K, 38 young (38912K), 3 survivors (3072K)
 Metaspace       used 60012K, committed 60672K, reserved 1114112K
  class space    used 8135K, committed 8448K, reserved 1048576K
}
Event: 16.777 GC heap after
{Heap after GC invocations=32 (full 0):
 garbage-first heap   total 161792K, used 83021K [0x0000000080000000, 0x0000000100000000)
  region size 1024K, 5 young (5120K), 5 survivors (5120K)
 Metaspace       used 60012K, committed 60672K, reserved 1114112K
  class space    used 8135K, committed 8448K, reserved 1048576K
}
Event: 16.807 GC heap before
{Heap before GC invocations=32 (full 0):
 garbage-first heap   total 161792K, used 85069K [0x0000000080000000, 0x0000000100000000)
  region size 1024K, 7 young (7168K), 5 survivors (5120K)
 Metaspace       used 60200K, committed 60864K, reserved 1114112K
  class space    used 8165K, committed 8512K, reserved 1048576K
}
Event: 16.811 GC heap after
{Heap after GC invocations=33 (full 0):
 garbage-first heap   total 161792K, used 82722K [0x0000000080000000, 0x0000000100000000)
  region size 1024K, 1 young (1024K), 1 survivors (1024K)
 Metaspace       used 60200K, committed 60864K, reserved 1114112K
  class space    used 8165K, committed 8512K, reserved 1048576K
}
Event: 17.375 GC heap before
{Heap before GC invocations=33 (full 0):
 garbage-first heap   total 161792K, used 116514K [0x0000000080000000, 0x0000000100000000)
  region size 1024K, 34 young (34816K), 1 survivors (1024K)
 Metaspace       used 63978K, committed 64640K, reserved 1114112K
  class space    used 8564K, committed 8832K, reserved 1048576K
}
Event: 17.378 GC heap after
{Heap after GC invocations=34 (full 0):
 garbage-first heap   total 161792K, used 83325K [0x0000000080000000, 0x0000000100000000)
  region size 1024K, 1 young (1024K), 1 survivors (1024K)
 Metaspace       used 63978K, committed 64640K, reserved 1114112K
  class space    used 8564K, committed 8832K, reserved 1048576K
}
Event: 18.519 GC heap before
{Heap before GC invocations=35 (full 0):
 garbage-first heap   total 161792K, used 121213K [0x0000000080000000, 0x0000000100000000)
  region size 1024K, 37 young (37888K), 1 survivors (1024K)
 Metaspace       used 69165K, committed 69888K, reserved 1114112K
  class space    used 9263K, committed 9536K, reserved 1048576K
}
Event: 18.527 GC heap after
{Heap after GC invocations=36 (full 0):
 garbage-first heap   total 161792K, used 87207K [0x0000000080000000, 0x0000000100000000)
  region size 1024K, 4 young (4096K), 4 survivors (4096K)
 Metaspace       used 69165K, committed 69888K, reserved 1114112K
  class space    used 9263K, committed 9536K, reserved 1048576K
}
Event: 18.548 GC heap before
{Heap before GC invocations=36 (full 0):
 garbage-first heap   total 161792K, used 93351K [0x0000000080000000, 0x0000000100000000)
  region size 1024K, 7 young (7168K), 4 survivors (4096K)
 Metaspace       used 69165K, committed 69888K, reserved 1114112K
  class space    used 9263K, committed 9536K, reserved 1048576K
}
Event: 18.562 GC heap after
{Heap after GC invocations=37 (full 0):
 garbage-first heap   total 161792K, used 90459K [0x0000000080000000, 0x0000000100000000)
  region size 1024K, 1 young (1024K), 1 survivors (1024K)
 Metaspace       used 69165K, committed 69888K, reserved 1114112K
  class space    used 9263K, committed 9536K, reserved 1048576K
}
Event: 19.140 GC heap before
{Heap before GC invocations=37 (full 0):
 garbage-first heap   total 161792K, used 126299K [0x0000000080000000, 0x0000000100000000)
  region size 1024K, 34 young (34816K), 1 survivors (1024K)
 Metaspace       used 71226K, committed 71936K, reserved 1114112K
  class space    used 9551K, committed 9856K, reserved 1048576K
}

