# JRE version: OpenJDK Runtime Environment (17.0.7) (build 17.0.7+0-b2043.56-10550314)
# Java VM: OpenJDK 64-Bit Server VM (17.0.7+0-b2043.56-10550314, mixed mode, tiered, compressed oops, compressed class ptrs, g1 gc, windows-amd64)
GC Precious Log:
 CPUs: 4 total, 4 available
 Memory: 12224M
 Large Page Support: Disabled
 NUMA Support: Disabled
 Compressed Oops: Enabled (32-bit)
 Heap Region Size: 1M
 Heap Min Capacity: 8M
 Heap Initial Capacity: 192M
 Heap Max Capacity: 2G
 Pre-touch: Disabled
 Parallel Workers: 4
 Concurrent Workers: 1
 Concurrent Refinement Workers: 4
 Periodic GC: Disabled
Heap:
 garbage-first heap   total 177152K, used 106180K [0x0000000080000000, 0x0000000100000000)
  region size 1024K, 24 young (24576K), 1 survivors (1024K)
 Metaspace       used 64731K, committed 65408K, reserved 1114112K
  class space    used 8652K, committed 8896K, reserved 1048576K
GC Heap History (20 events):
Event: 8.637 GC heap before
{Heap before GC invocations=14 (full 0):
 garbage-first heap   total 91136K, used 70940K [0x0000000080000000, 0x0000000100000000)
  region size 1024K, 23 young (23552K), 2 survivors (2048K)
 Metaspace       used 41395K, committed 41856K, reserved 1114112K
  class space    used 5611K, committed 5824K, reserved 1048576K
}
Event: 8.647 GC heap after
{Heap after GC invocations=15 (full 0):
 garbage-first heap   total 91136K, used 52808K [0x0000000080000000, 0x0000000100000000)
  region size 1024K, 3 young (3072K), 3 survivors (3072K)
 Metaspace       used 41395K, committed 41856K, reserved 1114112K
  class space    used 5611K, committed 5824K, reserved 1048576K
}
Event: 8.974 GC heap before
{Heap before GC invocations=16 (full 0):
 garbage-first heap   total 94208K, used 71240K [0x0000000080000000, 0x0000000100000000)
  region size 1024K, 22 young (22528K), 3 survivors (3072K)
 Metaspace       used 42469K, committed 42816K, reserved 1114112K
  class space    used 5694K, committed 5824K, reserved 1048576K
}
Event: 8.983 GC heap after
{Heap after GC invocations=17 (full 0):
 garbage-first heap   total 94208K, used 55431K [0x0000000080000000, 0x0000000100000000)
  region size 1024K, 3 young (3072K), 3 survivors (3072K)
 Metaspace       used 42469K, committed 42816K, reserved 1114112K
  class space    used 5694K, committed 5824K, reserved 1048576K
}
Event: 9.221 GC heap before
{Heap before GC invocations=17 (full 0):
 garbage-first heap   total 94208K, used 63623K [0x0000000080000000, 0x0000000100000000)
  region size 1024K, 13 young (13312K), 3 survivors (3072K)
 Metaspace       used 42949K, committed 43328K, reserved 1114112K
  class space    used 5740K, committed 5888K, reserved 1048576K
}
Event: 9.227 GC heap after
{Heap after GC invocations=18 (full 0):
 garbage-first heap   total 133120K, used 56148K [0x0000000080000000, 0x0000000100000000)
  region size 1024K, 2 young (2048K), 2 survivors (2048K)
 Metaspace       used 42949K, committed 43328K, reserved 1114112K
  class space    used 5740K, committed 5888K, reserved 1048576K
}
Event: 10.731 GC heap before
{Heap before GC invocations=18 (full 0):
 garbage-first heap   total 133120K, used 104276K [0x0000000080000000, 0x0000000100000000)
  region size 1024K, 45 young (46080K), 2 survivors (2048K)
 Metaspace       used 48022K, committed 48576K, reserved 1114112K
  class space    used 6400K, committed 6656K, reserved 1048576K
}
Event: 10.747 GC heap after
{Heap after GC invocations=19 (full 0):
 garbage-first heap   total 133120K, used 59387K [0x0000000080000000, 0x0000000100000000)
  region size 1024K, 5 young (5120K), 5 survivors (5120K)
 Metaspace       used 48022K, committed 48576K, reserved 1114112K
  class space    used 6400K, committed 6656K, reserved 1048576K
}
Event: 11.913 GC heap before
{Heap before GC invocations=19 (full 0):
 garbage-first heap   total 133120K, used 110587K [0x0000000080000000, 0x0000000100000000)
  region size 1024K, 51 young (52224K), 5 survivors (5120K)
 Metaspace       used 52078K, committed 52608K, reserved 1114112K
  class space    used 6937K, committed 7168K, reserved 1048576K
}
Event: 11.926 GC heap after
{Heap after GC invocations=20 (full 0):
 garbage-first heap   total 133120K, used 65733K [0x0000000080000000, 0x0000000100000000)
  region size 1024K, 4 young (4096K), 4 survivors (4096K)
 Metaspace       used 52078K, committed 52608K, reserved 1114112K
  class space    used 6937K, committed 7168K, reserved 1048576K
}
Event: 13.239 GC heap before
{Heap before GC invocations=20 (full 0):
 garbage-first heap   total 133120K, used 107717K [0x0000000080000000, 0x0000000100000000)
  region size 1024K, 45 young (46080K), 4 survivors (4096K)
 Metaspace       used 56612K, committed 57216K, reserved 1114112K
  class space    used 7692K, committed 7936K, reserved 1048576K
}
Event: 13.252 GC heap after
{Heap after GC invocations=21 (full 0):
 garbage-first heap   total 133120K, used 68061K [0x0000000080000000, 0x0000000100000000)
  region size 1024K, 6 young (6144K), 6 survivors (6144K)
 Metaspace       used 56612K, committed 57216K, reserved 1114112K
  class space    used 7692K, committed 7936K, reserved 1048576K
}
Event: 14.311 GC heap before
{Heap before GC invocations=22 (full 0):
 garbage-first heap   total 133120K, used 90589K [0x0000000080000000, 0x0000000100000000)
  region size 1024K, 30 young (30720K), 6 survivors (6144K)
 Metaspace       used 57425K, committed 58112K, reserved 1114112K
  class space    used 7770K, committed 8064K, reserved 1048576K
}
Event: 14.326 GC heap after
{Heap after GC invocations=23 (full 0):
 garbage-first heap   total 133120K, used 70444K [0x0000000080000000, 0x0000000100000000)
  region size 1024K, 5 young (5120K), 5 survivors (5120K)
 Metaspace       used 57425K, committed 58112K, reserved 1114112K
  class space    used 7770K, committed 8064K, reserved 1048576K
}
Event: 14.517 GC heap before
{Heap before GC invocations=24 (full 0):
 garbage-first heap   total 133120K, used 83756K [0x0000000080000000, 0x0000000100000000)
  region size 1024K, 15 young (15360K), 5 survivors (5120K)
 Metaspace       used 57771K, committed 58432K, reserved 1114112K
  class space    used 7828K, committed 8128K, reserved 1048576K
}
Event: 14.528 GC heap after
{Heap after GC invocations=25 (full 0):
 garbage-first heap   total 133120K, used 78801K [0x0000000080000000, 0x0000000100000000)
  region size 1024K, 6 young (6144K), 6 survivors (6144K)
 Metaspace       used 57771K, committed 58432K, reserved 1114112K
  class space    used 7828K, committed 8128K, reserved 1048576K
}
Event: 14.937 GC heap before
{Heap before GC invocations=26 (full 0):
 garbage-first heap   total 147456K, used 102353K [0x0000000080000000, 0x0000000100000000)
  region size 1024K, 28 young (28672K), 6 survivors (6144K)
 Metaspace       used 59404K, committed 60160K, reserved 1114112K
  class space    used 8048K, committed 8384K, reserved 1048576K
}
Event: 14.945 GC heap after
{Heap after GC invocations=27 (full 0):
 garbage-first heap   total 147456K, used 82827K [0x0000000080000000, 0x0000000100000000)
  region size 1024K, 3 young (3072K), 3 survivors (3072K)
 Metaspace       used 59404K, committed 60160K, reserved 1114112K
  class space    used 8048K, committed 8384K, reserved 1048576K
}
Event: 15.571 GC heap before
{Heap before GC invocations=27 (full 0):
 garbage-first heap   total 147456K, used 108427K [0x0000000080000000, 0x0000000100000000)
  region size 1024K, 29 young (29696K), 3 survivors (3072K)
 Metaspace       used 62135K, committed 62784K, reserved 1114112K
  class space    used 8370K, committed 8640K, reserved 1048576K
}
Event: 15.575 GC heap after
{Heap after GC invocations=28 (full 0):
 garbage-first heap   total 177152K, used 83652K [0x0000000080000000, 0x0000000100000000)
  region size 1024K, 1 young (1024K), 1 survivors (1024K)
 Metaspace       used 62135K, committed 62784K, reserved 1114112K
  class space    used 8370K, committed 8640K, reserved 1048576K
}

