# JRE version: OpenJDK Runtime Environment (17.0.7) (build 17.0.7+0-b2043.56-10550314)
# Java VM: OpenJDK 64-Bit Server VM (17.0.7+0-b2043.56-10550314, mixed mode, tiered, compressed oops, compressed class ptrs, g1 gc, windows-amd64)
GC Precious Log:
 CPUs: 4 total, 4 available
 Memory: 12224M
 Large Page Support: Disabled
 NUMA Support: Disabled
 Compressed Oops: Enabled (32-bit)
 Heap Region Size: 1M
 Heap Min Capacity: 8M
 Heap Initial Capacity: 192M
 Heap Max Capacity: 2G
 Pre-touch: Disabled
 Parallel Workers: 4
 Concurrent Workers: 1
 Concurrent Refinement Workers: 4
 Periodic GC: Disabled
Heap:
 garbage-first heap   total 365568K, used 123167K [0x0000000080000000, 0x0000000100000000)
  region size 1024K, 35 young (35840K), 4 survivors (4096K)
 Metaspace       used 102126K, committed 102848K, reserved 1179648K
  class space    used 13824K, committed 14144K, reserved 1048576K
GC Heap History (20 events):
Event: 16.413 GC heap before
{Heap before GC invocations=27 (full 0):
 garbage-first heap   total 174080K, used 131254K [0x0000000080000000, 0x0000000100000000)
  region size 1024K, 76 young (77824K), 1 survivors (1024K)
 Metaspace       used 67584K, committed 68224K, reserved 1114112K
  class space    used 9001K, committed 9280K, reserved 1048576K
}
Event: 16.424 GC heap after
{Heap after GC invocations=28 (full 0):
 garbage-first heap   total 174080K, used 55532K [0x0000000080000000, 0x0000000100000000)
  region size 1024K, 7 young (7168K), 7 survivors (7168K)
 Metaspace       used 67584K, committed 68224K, reserved 1114112K
  class space    used 9001K, committed 9280K, reserved 1048576K
}
Event: 18.290 GC heap before
{Heap before GC invocations=28 (full 0):
 garbage-first heap   total 174080K, used 133356K [0x0000000080000000, 0x0000000100000000)
  region size 1024K, 84 young (86016K), 7 survivors (7168K)
 Metaspace       used 74887K, committed 75456K, reserved 1179648K
  class space    used 9983K, committed 10240K, reserved 1048576K
}
Event: 18.307 GC heap after
{Heap after GC invocations=29 (full 0):
 garbage-first heap   total 174080K, used 59809K [0x0000000080000000, 0x0000000100000000)
  region size 1024K, 5 young (5120K), 5 survivors (5120K)
 Metaspace       used 74887K, committed 75456K, reserved 1179648K
  class space    used 9983K, committed 10240K, reserved 1048576K
}
Event: 19.709 GC heap before
{Heap before GC invocations=29 (full 0):
 garbage-first heap   total 174080K, used 136609K [0x0000000080000000, 0x0000000100000000)
  region size 1024K, 80 young (81920K), 5 survivors (5120K)
 Metaspace       used 80608K, committed 81280K, reserved 1179648K
  class space    used 10957K, committed 11264K, reserved 1048576K
}
Event: 19.725 GC heap after
{Heap after GC invocations=30 (full 0):
 garbage-first heap   total 174080K, used 62108K [0x0000000080000000, 0x0000000100000000)
  region size 1024K, 7 young (7168K), 7 survivors (7168K)
 Metaspace       used 80608K, committed 81280K, reserved 1179648K
  class space    used 10957K, committed 11264K, reserved 1048576K
}
Event: 21.427 GC heap before
{Heap before GC invocations=30 (full 0):
 garbage-first heap   total 174080K, used 139932K [0x0000000080000000, 0x0000000100000000)
  region size 1024K, 83 young (84992K), 7 survivors (7168K)
 Metaspace       used 87149K, committed 87808K, reserved 1179648K
  class space    used 11937K, committed 12224K, reserved 1048576K
}
Event: 21.449 GC heap after
{Heap after GC invocations=31 (full 0):
 garbage-first heap   total 174080K, used 66598K [0x0000000080000000, 0x0000000100000000)
  region size 1024K, 7 young (7168K), 7 survivors (7168K)
 Metaspace       used 87149K, committed 87808K, reserved 1179648K
  class space    used 11937K, committed 12224K, reserved 1048576K
}
Event: 23.006 GC heap before
{Heap before GC invocations=31 (full 0):
 garbage-first heap   total 174080K, used 141350K [0x0000000080000000, 0x0000000100000000)
  region size 1024K, 80 young (81920K), 7 survivors (7168K)
 Metaspace       used 91523K, committed 92224K, reserved 1179648K
  class space    used 12535K, committed 12864K, reserved 1048576K
}
Event: 23.036 GC heap after
{Heap after GC invocations=32 (full 0):
 garbage-first heap   total 174080K, used 73669K [0x0000000080000000, 0x0000000100000000)
  region size 1024K, 10 young (10240K), 10 survivors (10240K)
 Metaspace       used 91523K, committed 92224K, reserved 1179648K
  class space    used 12535K, committed 12864K, reserved 1048576K
}
Event: 24.532 GC heap before
{Heap before GC invocations=32 (full 0):
 garbage-first heap   total 174080K, used 143301K [0x0000000080000000, 0x0000000100000000)
  region size 1024K, 74 young (75776K), 10 survivors (10240K)
 Metaspace       used 95027K, committed 95680K, reserved 1179648K
  class space    used 12970K, committed 13248K, reserved 1048576K
}
Event: 24.568 GC heap after
{Heap after GC invocations=33 (full 0):
 garbage-first heap   total 174080K, used 83238K [0x0000000080000000, 0x0000000100000000)
  region size 1024K, 9 young (9216K), 9 survivors (9216K)
 Metaspace       used 95027K, committed 95680K, reserved 1179648K
  class space    used 12970K, committed 13248K, reserved 1048576K
}
Event: 26.208 GC heap before
{Heap before GC invocations=33 (full 0):
 garbage-first heap   total 174080K, used 129318K [0x0000000080000000, 0x0000000100000000)
  region size 1024K, 56 young (57344K), 9 survivors (9216K)
 Metaspace       used 96169K, committed 96768K, reserved 1179648K
  class space    used 13097K, committed 13376K, reserved 1048576K
}
Event: 26.231 GC heap after
{Heap after GC invocations=34 (full 0):
 garbage-first heap   total 174080K, used 86804K [0x0000000080000000, 0x0000000100000000)
  region size 1024K, 4 young (4096K), 4 survivors (4096K)
 Metaspace       used 96169K, committed 96768K, reserved 1179648K
  class space    used 13097K, committed 13376K, reserved 1048576K
}
Event: 28.555 GC heap before
{Heap before GC invocations=35 (full 0):
 garbage-first heap   total 174080K, used 140052K [0x0000000080000000, 0x0000000100000000)
  region size 1024K, 57 young (58368K), 4 survivors (4096K)
 Metaspace       used 99421K, committed 100096K, reserved 1179648K
  class space    used 13495K, committed 13824K, reserved 1048576K
}
Event: 28.573 GC heap after
{Heap after GC invocations=36 (full 0):
 garbage-first heap   total 174080K, used 90554K [0x0000000080000000, 0x0000000100000000)
  region size 1024K, 8 young (8192K), 8 survivors (8192K)
 Metaspace       used 99421K, committed 100096K, reserved 1179648K
  class space    used 13495K, committed 13824K, reserved 1048576K
}
Event: 28.591 GC heap before
{Heap before GC invocations=36 (full 0):
 garbage-first heap   total 174080K, used 90554K [0x0000000080000000, 0x0000000100000000)
  region size 1024K, 9 young (9216K), 8 survivors (8192K)
 Metaspace       used 99432K, committed 100096K, reserved 1179648K
  class space    used 13495K, committed 13824K, reserved 1048576K
}
Event: 28.606 GC heap after
{Heap after GC invocations=37 (full 0):
 garbage-first heap   total 174080K, used 91238K [0x0000000080000000, 0x0000000100000000)
  region size 1024K, 1 young (1024K), 1 survivors (1024K)
 Metaspace       used 99432K, committed 100096K, reserved 1179648K
  class space    used 13495K, committed 13824K, reserved 1048576K
}
Event: 33.687 GC heap before
{Heap before GC invocations=37 (full 0):
 garbage-first heap   total 174080K, used 140390K [0x0000000080000000, 0x0000000100000000)
  region size 1024K, 50 young (51200K), 1 survivors (1024K)
 Metaspace       used 100357K, committed 101056K, reserved 1179648K
  class space    used 13592K, committed 13952K, reserved 1048576K
}
Event: 33.700 GC heap after
{Heap after GC invocations=38 (full 0):
 garbage-first heap   total 368640K, used 93471K [0x0000000080000000, 0x0000000100000000)
  region size 1024K, 4 young (4096K), 4 survivors (4096K)
 Metaspace       used 100357K, committed 101056K, reserved 1179648K
  class space    used 13592K, committed 13952K, reserved 1048576K
}

